Mon May 17 22:27:12 EET 2021 : Apache Derby Network Server - 10.10.2.0 - (1582446) started and ready to accept connections on port 1527
----------------------------------------------------------------
Mon May 17 22:27:12 EET 2021:
Booting Derby version The Apache Software Foundation - Apache Derby - 10.10.2.0 - (1582446): instance a816c00e-0179-7bcb-eaef-00000a2914bd 
on database directory C:\Users\Sirac\Documents\Agalar\agalar with class loader sun.misc.Launcher$AppClassLoader@49476842 
Loaded from file:/C:/Program%20Files/glassfish4/javadb/lib/derby.jar
java.vendor=Oracle Corporation
java.runtime.version=1.8.0_291-b10
user.dir=C:\Program Files\glassfish4\javadb
os.name=Windows 10
os.arch=amd64
os.version=10.0
derby.system.home=C:\Users\Sirac\Documents\Agalar
Database Class Loader started - derby.database.classpath=''
----------------------------------------------------------------
Mon May 17 22:43:18 EET 2021: Shutting down Derby engine
----------------------------------------------------------------
Mon May 17 22:43:18 EET 2021:
Shutting down instance a816c00e-0179-7bcb-eaef-00000a2914bd on database directory C:\Users\Sirac\Documents\Agalar\agalar with class loader sun.misc.Launcher$AppClassLoader@49476842 
----------------------------------------------------------------
